<?xml version="1.0" encoding="UTF-8"?>
<!-- Generated by org.testng.reporters.JUnitXMLReporter -->
<testsuite hostname="DESKTOP-D8ETVI2" ignored="0" name="ShrineFlutter" tests="1" failures="1" timestamp="18 Sep 2020 16:13:03 GMT" time="45.016" errors="0">
  <testcase name="TestA" time="44.839" classname="TestCases.FlutterGallery">
    <failure type="org.openqa.selenium.NoSuchElementException" message="An element could not be located on the page using the given search parameters.
For documentation on this error, please visit: https://www.seleniumhq.org/exceptions/no_such_element.html
Build info: version: &amp;apos;3.141.59&amp;apos;, revision: &amp;apos;e82be7d358&amp;apos;, time: &amp;apos;2018-11-14T08:25:53&amp;apos;
System info: host: &amp;apos;DESKTOP-D8ETVI2&amp;apos;, ip: &amp;apos;192.168.1.7&amp;apos;, os.name: &amp;apos;Windows 10&amp;apos;, os.arch: &amp;apos;amd64&amp;apos;, os.version: &amp;apos;10.0&amp;apos;, java.version: &amp;apos;1.8.0_121&amp;apos;
Driver info: io.appium.java_client.android.AndroidDriver
Capabilities {appActivity: io.flutter.demo.gallery.Mai..., appPackage: io.flutter.demo.gallery, databaseEnabled: false, desired: {appActivity: io.flutter.demo.gallery.Mai..., appPackage: io.flutter.demo.gallery, deviceName: RZ8M32HFY4N, fullReset: false, noReset: true, platformName: android, platformVersion: 10, udid: RZ8M32HFY4N}, deviceApiLevel: 29, deviceManufacturer: samsung, deviceModel: SM-G970F, deviceName: RZ8M32HFY4N, deviceScreenDensity: 480, deviceScreenSize: 1080x2280, deviceUDID: RZ8M32HFY4N, fullReset: false, javascriptEnabled: true, locationContextEnabled: false, networkConnectionEnabled: true, noReset: true, pixelRatio: 3, platform: LINUX, platformName: Android, platformVersion: 10, statBarHeight: 117, takesScreenshot: true, udid: RZ8M32HFY4N, viewportRect: {height: 2047, left: 0, top: 117, width: 1080}, warnings: {}, webStorageEnabled: false}
Session ID: 23139e47-0ed5-4ebd-8be2-dc5eb3641297
*** Element info: {Using=-android uiautomator, value=new UiSelector().description(&amp;quot;CLOTHING&amp;quot;)}">
      <![CDATA[org.openqa.selenium.NoSuchElementException: An element could not be located on the page using the given search parameters.
For documentation on this error, please visit: https://www.seleniumhq.org/exceptions/no_such_element.html
Build info: version: '3.141.59', revision: 'e82be7d358', time: '2018-11-14T08:25:53'
System info: host: 'DESKTOP-D8ETVI2', ip: '192.168.1.7', os.name: 'Windows 10', os.arch: 'amd64', os.version: '10.0', java.version: '1.8.0_121'
Driver info: io.appium.java_client.android.AndroidDriver
Capabilities {appActivity: io.flutter.demo.gallery.Mai..., appPackage: io.flutter.demo.gallery, databaseEnabled: false, desired: {appActivity: io.flutter.demo.gallery.Mai..., appPackage: io.flutter.demo.gallery, deviceName: RZ8M32HFY4N, fullReset: false, noReset: true, platformName: android, platformVersion: 10, udid: RZ8M32HFY4N}, deviceApiLevel: 29, deviceManufacturer: samsung, deviceModel: SM-G970F, deviceName: RZ8M32HFY4N, deviceScreenDensity: 480, deviceScreenSize: 1080x2280, deviceUDID: RZ8M32HFY4N, fullReset: false, javascriptEnabled: true, locationContextEnabled: false, networkConnectionEnabled: true, noReset: true, pixelRatio: 3, platform: LINUX, platformName: Android, platformVersion: 10, statBarHeight: 117, takesScreenshot: true, udid: RZ8M32HFY4N, viewportRect: {height: 2047, left: 0, top: 117, width: 1080}, warnings: {}, webStorageEnabled: false}
Session ID: 23139e47-0ed5-4ebd-8be2-dc5eb3641297
*** Element info: {Using=-android uiautomator, value=new UiSelector().description("CLOTHING")}
at org.openqa.selenium.remote.http.W3CHttpResponseCodec.createException(W3CHttpResponseCodec.java:187)
at org.openqa.selenium.remote.http.W3CHttpResponseCodec.decode(W3CHttpResponseCodec.java:122)
at org.openqa.selenium.remote.http.W3CHttpResponseCodec.decode(W3CHttpResponseCodec.java:49)
at org.openqa.selenium.remote.HttpCommandExecutor.execute(HttpCommandExecutor.java:158)
at io.appium.java_client.remote.AppiumCommandExecutor.execute(AppiumCommandExecutor.java:239)
at org.openqa.selenium.remote.RemoteWebDriver.execute(RemoteWebDriver.java:552)
at io.appium.java_client.DefaultGenericMobileDriver.execute(DefaultGenericMobileDriver.java:41)
at io.appium.java_client.AppiumDriver.execute(AppiumDriver.java:1)
at io.appium.java_client.android.AndroidDriver.execute(AndroidDriver.java:1)
at org.openqa.selenium.remote.RemoteWebDriver.findElement(RemoteWebDriver.java:323)
at io.appium.java_client.DefaultGenericMobileDriver.findElement(DefaultGenericMobileDriver.java:61)
at io.appium.java_client.AppiumDriver.findElement(AppiumDriver.java:1)
at io.appium.java_client.android.AndroidDriver.findElement(AndroidDriver.java:1)
at io.appium.java_client.FindsByAndroidUIAutomator.findElementByAndroidUIAutomator(FindsByAndroidUIAutomator.java:38)
at io.appium.java_client.MobileBy$ByAndroidUIAutomator.findElement(MobileBy.java:210)
at org.openqa.selenium.remote.RemoteWebDriver.findElement(RemoteWebDriver.java:315)
at io.appium.java_client.DefaultGenericMobileDriver.findElement(DefaultGenericMobileDriver.java:57)
at io.appium.java_client.AppiumDriver.findElement(AppiumDriver.java:1)
at io.appium.java_client.android.AndroidDriver.findElement(AndroidDriver.java:1)
at TestCases.FlutterGallery.TestA(FlutterGallery.java:33)
... Removed 29 stack frames]]>
    </failure>
  </testcase> <!-- TestA -->
</testsuite> <!-- ShrineFlutter -->
